[logfiles]
ParallelRoot : results/migration_2.log00 
top : results/migration_2.log402 
migration : results/migration_2.log01 
migration(0,0) : results/migration_2.log02 
migration(0,1) : results/migration_2.log03 
migration(0,2) : results/migration_2.log04 
migration(0,3) : results/migration_2.log05 
migration(0,4) : results/migration_2.log06 
migration(0,5) : results/migration_2.log07 
migration(0,6) : results/migration_2.log08 
migration(0,7) : results/migration_2.log09 
migration(0,8) : results/migration_2.log10 
migration(0,9) : results/migration_2.log11 
migration(0,10) : results/migration_2.log12 
migration(0,11) : results/migration_2.log13 
migration(0,12) : results/migration_2.log14 
migration(0,13) : results/migration_2.log15 
migration(0,14) : results/migration_2.log16 
migration(0,15) : results/migration_2.log17 
migration(0,16) : results/migration_2.log18 
migration(0,17) : results/migration_2.log19 
migration(0,18) : results/migration_2.log20 
migration(0,19) : results/migration_2.log21 
migration(1,0) : results/migration_2.log22 
migration(1,1) : results/migration_2.log23 
migration(1,2) : results/migration_2.log24 
migration(1,3) : results/migration_2.log25 
migration(1,4) : results/migration_2.log26 
migration(1,5) : results/migration_2.log27 
migration(1,6) : results/migration_2.log28 
migration(1,7) : results/migration_2.log29 
migration(1,8) : results/migration_2.log30 
migration(1,9) : results/migration_2.log31 
migration(1,10) : results/migration_2.log32 
migration(1,11) : results/migration_2.log33 
migration(1,12) : results/migration_2.log34 
migration(1,13) : results/migration_2.log35 
migration(1,14) : results/migration_2.log36 
migration(1,15) : results/migration_2.log37 
migration(1,16) : results/migration_2.log38 
migration(1,17) : results/migration_2.log39 
migration(1,18) : results/migration_2.log40 
migration(1,19) : results/migration_2.log41 
migration(2,0) : results/migration_2.log42 
migration(2,1) : results/migration_2.log43 
migration(2,2) : results/migration_2.log44 
migration(2,3) : results/migration_2.log45 
migration(2,4) : results/migration_2.log46 
migration(2,5) : results/migration_2.log47 
migration(2,6) : results/migration_2.log48 
migration(2,7) : results/migration_2.log49 
migration(2,8) : results/migration_2.log50 
migration(2,9) : results/migration_2.log51 
migration(2,10) : results/migration_2.log52 
migration(2,11) : results/migration_2.log53 
migration(2,12) : results/migration_2.log54 
migration(2,13) : results/migration_2.log55 
migration(2,14) : results/migration_2.log56 
migration(2,15) : results/migration_2.log57 
migration(2,16) : results/migration_2.log58 
migration(2,17) : results/migration_2.log59 
migration(2,18) : results/migration_2.log60 
migration(2,19) : results/migration_2.log61 
migration(3,0) : results/migration_2.log62 
migration(3,1) : results/migration_2.log63 
migration(3,2) : results/migration_2.log64 
migration(3,3) : results/migration_2.log65 
migration(3,4) : results/migration_2.log66 
migration(3,5) : results/migration_2.log67 
migration(3,6) : results/migration_2.log68 
migration(3,7) : results/migration_2.log69 
migration(3,8) : results/migration_2.log70 
migration(3,9) : results/migration_2.log71 
migration(3,10) : results/migration_2.log72 
migration(3,11) : results/migration_2.log73 
migration(3,12) : results/migration_2.log74 
migration(3,13) : results/migration_2.log75 
migration(3,14) : results/migration_2.log76 
migration(3,15) : results/migration_2.log77 
migration(3,16) : results/migration_2.log78 
migration(3,17) : results/migration_2.log79 
migration(3,18) : results/migration_2.log80 
migration(3,19) : results/migration_2.log81 
migration(4,0) : results/migration_2.log82 
migration(4,1) : results/migration_2.log83 
migration(4,2) : results/migration_2.log84 
migration(4,3) : results/migration_2.log85 
migration(4,4) : results/migration_2.log86 
migration(4,5) : results/migration_2.log87 
migration(4,6) : results/migration_2.log88 
migration(4,7) : results/migration_2.log89 
migration(4,8) : results/migration_2.log90 
migration(4,9) : results/migration_2.log91 
migration(4,10) : results/migration_2.log92 
migration(4,11) : results/migration_2.log93 
migration(4,12) : results/migration_2.log94 
migration(4,13) : results/migration_2.log95 
migration(4,14) : results/migration_2.log96 
migration(4,15) : results/migration_2.log97 
migration(4,16) : results/migration_2.log98 
migration(4,17) : results/migration_2.log99 
migration(4,18) : results/migration_2.log100 
migration(4,19) : results/migration_2.log101 
migration(5,0) : results/migration_2.log102 
migration(5,1) : results/migration_2.log103 
migration(5,2) : results/migration_2.log104 
migration(5,3) : results/migration_2.log105 
migration(5,4) : results/migration_2.log106 
migration(5,5) : results/migration_2.log107 
migration(5,6) : results/migration_2.log108 
migration(5,7) : results/migration_2.log109 
migration(5,8) : results/migration_2.log110 
migration(5,9) : results/migration_2.log111 
migration(5,10) : results/migration_2.log112 
migration(5,11) : results/migration_2.log113 
migration(5,12) : results/migration_2.log114 
migration(5,13) : results/migration_2.log115 
migration(5,14) : results/migration_2.log116 
migration(5,15) : results/migration_2.log117 
migration(5,16) : results/migration_2.log118 
migration(5,17) : results/migration_2.log119 
migration(5,18) : results/migration_2.log120 
migration(5,19) : results/migration_2.log121 
migration(6,0) : results/migration_2.log122 
migration(6,1) : results/migration_2.log123 
migration(6,2) : results/migration_2.log124 
migration(6,3) : results/migration_2.log125 
migration(6,4) : results/migration_2.log126 
migration(6,5) : results/migration_2.log127 
migration(6,6) : results/migration_2.log128 
migration(6,7) : results/migration_2.log129 
migration(6,8) : results/migration_2.log130 
migration(6,9) : results/migration_2.log131 
migration(6,10) : results/migration_2.log132 
migration(6,11) : results/migration_2.log133 
migration(6,12) : results/migration_2.log134 
migration(6,13) : results/migration_2.log135 
migration(6,14) : results/migration_2.log136 
migration(6,15) : results/migration_2.log137 
migration(6,16) : results/migration_2.log138 
migration(6,17) : results/migration_2.log139 
migration(6,18) : results/migration_2.log140 
migration(6,19) : results/migration_2.log141 
migration(7,0) : results/migration_2.log142 
migration(7,1) : results/migration_2.log143 
migration(7,2) : results/migration_2.log144 
migration(7,3) : results/migration_2.log145 
migration(7,4) : results/migration_2.log146 
migration(7,5) : results/migration_2.log147 
migration(7,6) : results/migration_2.log148 
migration(7,7) : results/migration_2.log149 
migration(7,8) : results/migration_2.log150 
migration(7,9) : results/migration_2.log151 
migration(7,10) : results/migration_2.log152 
migration(7,11) : results/migration_2.log153 
migration(7,12) : results/migration_2.log154 
migration(7,13) : results/migration_2.log155 
migration(7,14) : results/migration_2.log156 
migration(7,15) : results/migration_2.log157 
migration(7,16) : results/migration_2.log158 
migration(7,17) : results/migration_2.log159 
migration(7,18) : results/migration_2.log160 
migration(7,19) : results/migration_2.log161 
migration(8,0) : results/migration_2.log162 
migration(8,1) : results/migration_2.log163 
migration(8,2) : results/migration_2.log164 
migration(8,3) : results/migration_2.log165 
migration(8,4) : results/migration_2.log166 
migration(8,5) : results/migration_2.log167 
migration(8,6) : results/migration_2.log168 
migration(8,7) : results/migration_2.log169 
migration(8,8) : results/migration_2.log170 
migration(8,9) : results/migration_2.log171 
migration(8,10) : results/migration_2.log172 
migration(8,11) : results/migration_2.log173 
migration(8,12) : results/migration_2.log174 
migration(8,13) : results/migration_2.log175 
migration(8,14) : results/migration_2.log176 
migration(8,15) : results/migration_2.log177 
migration(8,16) : results/migration_2.log178 
migration(8,17) : results/migration_2.log179 
migration(8,18) : results/migration_2.log180 
migration(8,19) : results/migration_2.log181 
migration(9,0) : results/migration_2.log182 
migration(9,1) : results/migration_2.log183 
migration(9,2) : results/migration_2.log184 
migration(9,3) : results/migration_2.log185 
migration(9,4) : results/migration_2.log186 
migration(9,5) : results/migration_2.log187 
migration(9,6) : results/migration_2.log188 
migration(9,7) : results/migration_2.log189 
migration(9,8) : results/migration_2.log190 
migration(9,9) : results/migration_2.log191 
migration(9,10) : results/migration_2.log192 
migration(9,11) : results/migration_2.log193 
migration(9,12) : results/migration_2.log194 
migration(9,13) : results/migration_2.log195 
migration(9,14) : results/migration_2.log196 
migration(9,15) : results/migration_2.log197 
migration(9,16) : results/migration_2.log198 
migration(9,17) : results/migration_2.log199 
migration(9,18) : results/migration_2.log200 
migration(9,19) : results/migration_2.log201 
migration(10,0) : results/migration_2.log202 
migration(10,1) : results/migration_2.log203 
migration(10,2) : results/migration_2.log204 
migration(10,3) : results/migration_2.log205 
migration(10,4) : results/migration_2.log206 
migration(10,5) : results/migration_2.log207 
migration(10,6) : results/migration_2.log208 
migration(10,7) : results/migration_2.log209 
migration(10,8) : results/migration_2.log210 
migration(10,9) : results/migration_2.log211 
migration(10,10) : results/migration_2.log212 
migration(10,11) : results/migration_2.log213 
migration(10,12) : results/migration_2.log214 
migration(10,13) : results/migration_2.log215 
migration(10,14) : results/migration_2.log216 
migration(10,15) : results/migration_2.log217 
migration(10,16) : results/migration_2.log218 
migration(10,17) : results/migration_2.log219 
migration(10,18) : results/migration_2.log220 
migration(10,19) : results/migration_2.log221 
migration(11,0) : results/migration_2.log222 
migration(11,1) : results/migration_2.log223 
migration(11,2) : results/migration_2.log224 
migration(11,3) : results/migration_2.log225 
migration(11,4) : results/migration_2.log226 
migration(11,5) : results/migration_2.log227 
migration(11,6) : results/migration_2.log228 
migration(11,7) : results/migration_2.log229 
migration(11,8) : results/migration_2.log230 
migration(11,9) : results/migration_2.log231 
migration(11,10) : results/migration_2.log232 
migration(11,11) : results/migration_2.log233 
migration(11,12) : results/migration_2.log234 
migration(11,13) : results/migration_2.log235 
migration(11,14) : results/migration_2.log236 
migration(11,15) : results/migration_2.log237 
migration(11,16) : results/migration_2.log238 
migration(11,17) : results/migration_2.log239 
migration(11,18) : results/migration_2.log240 
migration(11,19) : results/migration_2.log241 
migration(12,0) : results/migration_2.log242 
migration(12,1) : results/migration_2.log243 
migration(12,2) : results/migration_2.log244 
migration(12,3) : results/migration_2.log245 
migration(12,4) : results/migration_2.log246 
migration(12,5) : results/migration_2.log247 
migration(12,6) : results/migration_2.log248 
migration(12,7) : results/migration_2.log249 
migration(12,8) : results/migration_2.log250 
migration(12,9) : results/migration_2.log251 
migration(12,10) : results/migration_2.log252 
migration(12,11) : results/migration_2.log253 
migration(12,12) : results/migration_2.log254 
migration(12,13) : results/migration_2.log255 
migration(12,14) : results/migration_2.log256 
migration(12,15) : results/migration_2.log257 
migration(12,16) : results/migration_2.log258 
migration(12,17) : results/migration_2.log259 
migration(12,18) : results/migration_2.log260 
migration(12,19) : results/migration_2.log261 
migration(13,0) : results/migration_2.log262 
migration(13,1) : results/migration_2.log263 
migration(13,2) : results/migration_2.log264 
migration(13,3) : results/migration_2.log265 
migration(13,4) : results/migration_2.log266 
migration(13,5) : results/migration_2.log267 
migration(13,6) : results/migration_2.log268 
migration(13,7) : results/migration_2.log269 
migration(13,8) : results/migration_2.log270 
migration(13,9) : results/migration_2.log271 
migration(13,10) : results/migration_2.log272 
migration(13,11) : results/migration_2.log273 
migration(13,12) : results/migration_2.log274 
migration(13,13) : results/migration_2.log275 
migration(13,14) : results/migration_2.log276 
migration(13,15) : results/migration_2.log277 
migration(13,16) : results/migration_2.log278 
migration(13,17) : results/migration_2.log279 
migration(13,18) : results/migration_2.log280 
migration(13,19) : results/migration_2.log281 
migration(14,0) : results/migration_2.log282 
migration(14,1) : results/migration_2.log283 
migration(14,2) : results/migration_2.log284 
migration(14,3) : results/migration_2.log285 
migration(14,4) : results/migration_2.log286 
migration(14,5) : results/migration_2.log287 
migration(14,6) : results/migration_2.log288 
migration(14,7) : results/migration_2.log289 
migration(14,8) : results/migration_2.log290 
migration(14,9) : results/migration_2.log291 
migration(14,10) : results/migration_2.log292 
migration(14,11) : results/migration_2.log293 
migration(14,12) : results/migration_2.log294 
migration(14,13) : results/migration_2.log295 
migration(14,14) : results/migration_2.log296 
migration(14,15) : results/migration_2.log297 
migration(14,16) : results/migration_2.log298 
migration(14,17) : results/migration_2.log299 
migration(14,18) : results/migration_2.log300 
migration(14,19) : results/migration_2.log301 
migration(15,0) : results/migration_2.log302 
migration(15,1) : results/migration_2.log303 
migration(15,2) : results/migration_2.log304 
migration(15,3) : results/migration_2.log305 
migration(15,4) : results/migration_2.log306 
migration(15,5) : results/migration_2.log307 
migration(15,6) : results/migration_2.log308 
migration(15,7) : results/migration_2.log309 
migration(15,8) : results/migration_2.log310 
migration(15,9) : results/migration_2.log311 
migration(15,10) : results/migration_2.log312 
migration(15,11) : results/migration_2.log313 
migration(15,12) : results/migration_2.log314 
migration(15,13) : results/migration_2.log315 
migration(15,14) : results/migration_2.log316 
migration(15,15) : results/migration_2.log317 
migration(15,16) : results/migration_2.log318 
migration(15,17) : results/migration_2.log319 
migration(15,18) : results/migration_2.log320 
migration(15,19) : results/migration_2.log321 
migration(16,0) : results/migration_2.log322 
migration(16,1) : results/migration_2.log323 
migration(16,2) : results/migration_2.log324 
migration(16,3) : results/migration_2.log325 
migration(16,4) : results/migration_2.log326 
migration(16,5) : results/migration_2.log327 
migration(16,6) : results/migration_2.log328 
migration(16,7) : results/migration_2.log329 
migration(16,8) : results/migration_2.log330 
migration(16,9) : results/migration_2.log331 
migration(16,10) : results/migration_2.log332 
migration(16,11) : results/migration_2.log333 
migration(16,12) : results/migration_2.log334 
migration(16,13) : results/migration_2.log335 
migration(16,14) : results/migration_2.log336 
migration(16,15) : results/migration_2.log337 
migration(16,16) : results/migration_2.log338 
migration(16,17) : results/migration_2.log339 
migration(16,18) : results/migration_2.log340 
migration(16,19) : results/migration_2.log341 
migration(17,0) : results/migration_2.log342 
migration(17,1) : results/migration_2.log343 
migration(17,2) : results/migration_2.log344 
migration(17,3) : results/migration_2.log345 
migration(17,4) : results/migration_2.log346 
migration(17,5) : results/migration_2.log347 
migration(17,6) : results/migration_2.log348 
migration(17,7) : results/migration_2.log349 
migration(17,8) : results/migration_2.log350 
migration(17,9) : results/migration_2.log351 
migration(17,10) : results/migration_2.log352 
migration(17,11) : results/migration_2.log353 
migration(17,12) : results/migration_2.log354 
migration(17,13) : results/migration_2.log355 
migration(17,14) : results/migration_2.log356 
migration(17,15) : results/migration_2.log357 
migration(17,16) : results/migration_2.log358 
migration(17,17) : results/migration_2.log359 
migration(17,18) : results/migration_2.log360 
migration(17,19) : results/migration_2.log361 
migration(18,0) : results/migration_2.log362 
migration(18,1) : results/migration_2.log363 
migration(18,2) : results/migration_2.log364 
migration(18,3) : results/migration_2.log365 
migration(18,4) : results/migration_2.log366 
migration(18,5) : results/migration_2.log367 
migration(18,6) : results/migration_2.log368 
migration(18,7) : results/migration_2.log369 
migration(18,8) : results/migration_2.log370 
migration(18,9) : results/migration_2.log371 
migration(18,10) : results/migration_2.log372 
migration(18,11) : results/migration_2.log373 
migration(18,12) : results/migration_2.log374 
migration(18,13) : results/migration_2.log375 
migration(18,14) : results/migration_2.log376 
migration(18,15) : results/migration_2.log377 
migration(18,16) : results/migration_2.log378 
migration(18,17) : results/migration_2.log379 
migration(18,18) : results/migration_2.log380 
migration(18,19) : results/migration_2.log381 
migration(19,0) : results/migration_2.log382 
migration(19,1) : results/migration_2.log383 
migration(19,2) : results/migration_2.log384 
migration(19,3) : results/migration_2.log385 
migration(19,4) : results/migration_2.log386 
migration(19,5) : results/migration_2.log387 
migration(19,6) : results/migration_2.log388 
migration(19,7) : results/migration_2.log389 
migration(19,8) : results/migration_2.log390 
migration(19,9) : results/migration_2.log391 
migration(19,10) : results/migration_2.log392 
migration(19,11) : results/migration_2.log393 
migration(19,12) : results/migration_2.log394 
migration(19,13) : results/migration_2.log395 
migration(19,14) : results/migration_2.log396 
migration(19,15) : results/migration_2.log397 
migration(19,16) : results/migration_2.log398 
migration(19,17) : results/migration_2.log399 
migration(19,18) : results/migration_2.log400 
migration(19,19) : results/migration_2.log401 
