[logfiles]
ParallelRoot : results/migration_3.log00 
top : results/migration_3.log402 
migration : results/migration_3.log01 
migration(0,0) : results/migration_3.log02 
migration(0,1) : results/migration_3.log03 
migration(0,2) : results/migration_3.log04 
migration(0,3) : results/migration_3.log05 
migration(0,4) : results/migration_3.log06 
migration(0,5) : results/migration_3.log07 
migration(0,6) : results/migration_3.log08 
migration(0,7) : results/migration_3.log09 
migration(0,8) : results/migration_3.log10 
migration(0,9) : results/migration_3.log11 
migration(0,10) : results/migration_3.log12 
migration(0,11) : results/migration_3.log13 
migration(0,12) : results/migration_3.log14 
migration(0,13) : results/migration_3.log15 
migration(0,14) : results/migration_3.log16 
migration(0,15) : results/migration_3.log17 
migration(0,16) : results/migration_3.log18 
migration(0,17) : results/migration_3.log19 
migration(0,18) : results/migration_3.log20 
migration(0,19) : results/migration_3.log21 
migration(1,0) : results/migration_3.log22 
migration(1,1) : results/migration_3.log23 
migration(1,2) : results/migration_3.log24 
migration(1,3) : results/migration_3.log25 
migration(1,4) : results/migration_3.log26 
migration(1,5) : results/migration_3.log27 
migration(1,6) : results/migration_3.log28 
migration(1,7) : results/migration_3.log29 
migration(1,8) : results/migration_3.log30 
migration(1,9) : results/migration_3.log31 
migration(1,10) : results/migration_3.log32 
migration(1,11) : results/migration_3.log33 
migration(1,12) : results/migration_3.log34 
migration(1,13) : results/migration_3.log35 
migration(1,14) : results/migration_3.log36 
migration(1,15) : results/migration_3.log37 
migration(1,16) : results/migration_3.log38 
migration(1,17) : results/migration_3.log39 
migration(1,18) : results/migration_3.log40 
migration(1,19) : results/migration_3.log41 
migration(2,0) : results/migration_3.log42 
migration(2,1) : results/migration_3.log43 
migration(2,2) : results/migration_3.log44 
migration(2,3) : results/migration_3.log45 
migration(2,4) : results/migration_3.log46 
migration(2,5) : results/migration_3.log47 
migration(2,6) : results/migration_3.log48 
migration(2,7) : results/migration_3.log49 
migration(2,8) : results/migration_3.log50 
migration(2,9) : results/migration_3.log51 
migration(2,10) : results/migration_3.log52 
migration(2,11) : results/migration_3.log53 
migration(2,12) : results/migration_3.log54 
migration(2,13) : results/migration_3.log55 
migration(2,14) : results/migration_3.log56 
migration(2,15) : results/migration_3.log57 
migration(2,16) : results/migration_3.log58 
migration(2,17) : results/migration_3.log59 
migration(2,18) : results/migration_3.log60 
migration(2,19) : results/migration_3.log61 
migration(3,0) : results/migration_3.log62 
migration(3,1) : results/migration_3.log63 
migration(3,2) : results/migration_3.log64 
migration(3,3) : results/migration_3.log65 
migration(3,4) : results/migration_3.log66 
migration(3,5) : results/migration_3.log67 
migration(3,6) : results/migration_3.log68 
migration(3,7) : results/migration_3.log69 
migration(3,8) : results/migration_3.log70 
migration(3,9) : results/migration_3.log71 
migration(3,10) : results/migration_3.log72 
migration(3,11) : results/migration_3.log73 
migration(3,12) : results/migration_3.log74 
migration(3,13) : results/migration_3.log75 
migration(3,14) : results/migration_3.log76 
migration(3,15) : results/migration_3.log77 
migration(3,16) : results/migration_3.log78 
migration(3,17) : results/migration_3.log79 
migration(3,18) : results/migration_3.log80 
migration(3,19) : results/migration_3.log81 
migration(4,0) : results/migration_3.log82 
migration(4,1) : results/migration_3.log83 
migration(4,2) : results/migration_3.log84 
migration(4,3) : results/migration_3.log85 
migration(4,4) : results/migration_3.log86 
migration(4,5) : results/migration_3.log87 
migration(4,6) : results/migration_3.log88 
migration(4,7) : results/migration_3.log89 
migration(4,8) : results/migration_3.log90 
migration(4,9) : results/migration_3.log91 
migration(4,10) : results/migration_3.log92 
migration(4,11) : results/migration_3.log93 
migration(4,12) : results/migration_3.log94 
migration(4,13) : results/migration_3.log95 
migration(4,14) : results/migration_3.log96 
migration(4,15) : results/migration_3.log97 
migration(4,16) : results/migration_3.log98 
migration(4,17) : results/migration_3.log99 
migration(4,18) : results/migration_3.log100 
migration(4,19) : results/migration_3.log101 
migration(5,0) : results/migration_3.log102 
migration(5,1) : results/migration_3.log103 
migration(5,2) : results/migration_3.log104 
migration(5,3) : results/migration_3.log105 
migration(5,4) : results/migration_3.log106 
migration(5,5) : results/migration_3.log107 
migration(5,6) : results/migration_3.log108 
migration(5,7) : results/migration_3.log109 
migration(5,8) : results/migration_3.log110 
migration(5,9) : results/migration_3.log111 
migration(5,10) : results/migration_3.log112 
migration(5,11) : results/migration_3.log113 
migration(5,12) : results/migration_3.log114 
migration(5,13) : results/migration_3.log115 
migration(5,14) : results/migration_3.log116 
migration(5,15) : results/migration_3.log117 
migration(5,16) : results/migration_3.log118 
migration(5,17) : results/migration_3.log119 
migration(5,18) : results/migration_3.log120 
migration(5,19) : results/migration_3.log121 
migration(6,0) : results/migration_3.log122 
migration(6,1) : results/migration_3.log123 
migration(6,2) : results/migration_3.log124 
migration(6,3) : results/migration_3.log125 
migration(6,4) : results/migration_3.log126 
migration(6,5) : results/migration_3.log127 
migration(6,6) : results/migration_3.log128 
migration(6,7) : results/migration_3.log129 
migration(6,8) : results/migration_3.log130 
migration(6,9) : results/migration_3.log131 
migration(6,10) : results/migration_3.log132 
migration(6,11) : results/migration_3.log133 
migration(6,12) : results/migration_3.log134 
migration(6,13) : results/migration_3.log135 
migration(6,14) : results/migration_3.log136 
migration(6,15) : results/migration_3.log137 
migration(6,16) : results/migration_3.log138 
migration(6,17) : results/migration_3.log139 
migration(6,18) : results/migration_3.log140 
migration(6,19) : results/migration_3.log141 
migration(7,0) : results/migration_3.log142 
migration(7,1) : results/migration_3.log143 
migration(7,2) : results/migration_3.log144 
migration(7,3) : results/migration_3.log145 
migration(7,4) : results/migration_3.log146 
migration(7,5) : results/migration_3.log147 
migration(7,6) : results/migration_3.log148 
migration(7,7) : results/migration_3.log149 
migration(7,8) : results/migration_3.log150 
migration(7,9) : results/migration_3.log151 
migration(7,10) : results/migration_3.log152 
migration(7,11) : results/migration_3.log153 
migration(7,12) : results/migration_3.log154 
migration(7,13) : results/migration_3.log155 
migration(7,14) : results/migration_3.log156 
migration(7,15) : results/migration_3.log157 
migration(7,16) : results/migration_3.log158 
migration(7,17) : results/migration_3.log159 
migration(7,18) : results/migration_3.log160 
migration(7,19) : results/migration_3.log161 
migration(8,0) : results/migration_3.log162 
migration(8,1) : results/migration_3.log163 
migration(8,2) : results/migration_3.log164 
migration(8,3) : results/migration_3.log165 
migration(8,4) : results/migration_3.log166 
migration(8,5) : results/migration_3.log167 
migration(8,6) : results/migration_3.log168 
migration(8,7) : results/migration_3.log169 
migration(8,8) : results/migration_3.log170 
migration(8,9) : results/migration_3.log171 
migration(8,10) : results/migration_3.log172 
migration(8,11) : results/migration_3.log173 
migration(8,12) : results/migration_3.log174 
migration(8,13) : results/migration_3.log175 
migration(8,14) : results/migration_3.log176 
migration(8,15) : results/migration_3.log177 
migration(8,16) : results/migration_3.log178 
migration(8,17) : results/migration_3.log179 
migration(8,18) : results/migration_3.log180 
migration(8,19) : results/migration_3.log181 
migration(9,0) : results/migration_3.log182 
migration(9,1) : results/migration_3.log183 
migration(9,2) : results/migration_3.log184 
migration(9,3) : results/migration_3.log185 
migration(9,4) : results/migration_3.log186 
migration(9,5) : results/migration_3.log187 
migration(9,6) : results/migration_3.log188 
migration(9,7) : results/migration_3.log189 
migration(9,8) : results/migration_3.log190 
migration(9,9) : results/migration_3.log191 
migration(9,10) : results/migration_3.log192 
migration(9,11) : results/migration_3.log193 
migration(9,12) : results/migration_3.log194 
migration(9,13) : results/migration_3.log195 
migration(9,14) : results/migration_3.log196 
migration(9,15) : results/migration_3.log197 
migration(9,16) : results/migration_3.log198 
migration(9,17) : results/migration_3.log199 
migration(9,18) : results/migration_3.log200 
migration(9,19) : results/migration_3.log201 
migration(10,0) : results/migration_3.log202 
migration(10,1) : results/migration_3.log203 
migration(10,2) : results/migration_3.log204 
migration(10,3) : results/migration_3.log205 
migration(10,4) : results/migration_3.log206 
migration(10,5) : results/migration_3.log207 
migration(10,6) : results/migration_3.log208 
migration(10,7) : results/migration_3.log209 
migration(10,8) : results/migration_3.log210 
migration(10,9) : results/migration_3.log211 
migration(10,10) : results/migration_3.log212 
migration(10,11) : results/migration_3.log213 
migration(10,12) : results/migration_3.log214 
migration(10,13) : results/migration_3.log215 
migration(10,14) : results/migration_3.log216 
migration(10,15) : results/migration_3.log217 
migration(10,16) : results/migration_3.log218 
migration(10,17) : results/migration_3.log219 
migration(10,18) : results/migration_3.log220 
migration(10,19) : results/migration_3.log221 
migration(11,0) : results/migration_3.log222 
migration(11,1) : results/migration_3.log223 
migration(11,2) : results/migration_3.log224 
migration(11,3) : results/migration_3.log225 
migration(11,4) : results/migration_3.log226 
migration(11,5) : results/migration_3.log227 
migration(11,6) : results/migration_3.log228 
migration(11,7) : results/migration_3.log229 
migration(11,8) : results/migration_3.log230 
migration(11,9) : results/migration_3.log231 
migration(11,10) : results/migration_3.log232 
migration(11,11) : results/migration_3.log233 
migration(11,12) : results/migration_3.log234 
migration(11,13) : results/migration_3.log235 
migration(11,14) : results/migration_3.log236 
migration(11,15) : results/migration_3.log237 
migration(11,16) : results/migration_3.log238 
migration(11,17) : results/migration_3.log239 
migration(11,18) : results/migration_3.log240 
migration(11,19) : results/migration_3.log241 
migration(12,0) : results/migration_3.log242 
migration(12,1) : results/migration_3.log243 
migration(12,2) : results/migration_3.log244 
migration(12,3) : results/migration_3.log245 
migration(12,4) : results/migration_3.log246 
migration(12,5) : results/migration_3.log247 
migration(12,6) : results/migration_3.log248 
migration(12,7) : results/migration_3.log249 
migration(12,8) : results/migration_3.log250 
migration(12,9) : results/migration_3.log251 
migration(12,10) : results/migration_3.log252 
migration(12,11) : results/migration_3.log253 
migration(12,12) : results/migration_3.log254 
migration(12,13) : results/migration_3.log255 
migration(12,14) : results/migration_3.log256 
migration(12,15) : results/migration_3.log257 
migration(12,16) : results/migration_3.log258 
migration(12,17) : results/migration_3.log259 
migration(12,18) : results/migration_3.log260 
migration(12,19) : results/migration_3.log261 
migration(13,0) : results/migration_3.log262 
migration(13,1) : results/migration_3.log263 
migration(13,2) : results/migration_3.log264 
migration(13,3) : results/migration_3.log265 
migration(13,4) : results/migration_3.log266 
migration(13,5) : results/migration_3.log267 
migration(13,6) : results/migration_3.log268 
migration(13,7) : results/migration_3.log269 
migration(13,8) : results/migration_3.log270 
migration(13,9) : results/migration_3.log271 
migration(13,10) : results/migration_3.log272 
migration(13,11) : results/migration_3.log273 
migration(13,12) : results/migration_3.log274 
migration(13,13) : results/migration_3.log275 
migration(13,14) : results/migration_3.log276 
migration(13,15) : results/migration_3.log277 
migration(13,16) : results/migration_3.log278 
migration(13,17) : results/migration_3.log279 
migration(13,18) : results/migration_3.log280 
migration(13,19) : results/migration_3.log281 
migration(14,0) : results/migration_3.log282 
migration(14,1) : results/migration_3.log283 
migration(14,2) : results/migration_3.log284 
migration(14,3) : results/migration_3.log285 
migration(14,4) : results/migration_3.log286 
migration(14,5) : results/migration_3.log287 
migration(14,6) : results/migration_3.log288 
migration(14,7) : results/migration_3.log289 
migration(14,8) : results/migration_3.log290 
migration(14,9) : results/migration_3.log291 
migration(14,10) : results/migration_3.log292 
migration(14,11) : results/migration_3.log293 
migration(14,12) : results/migration_3.log294 
migration(14,13) : results/migration_3.log295 
migration(14,14) : results/migration_3.log296 
migration(14,15) : results/migration_3.log297 
migration(14,16) : results/migration_3.log298 
migration(14,17) : results/migration_3.log299 
migration(14,18) : results/migration_3.log300 
migration(14,19) : results/migration_3.log301 
migration(15,0) : results/migration_3.log302 
migration(15,1) : results/migration_3.log303 
migration(15,2) : results/migration_3.log304 
migration(15,3) : results/migration_3.log305 
migration(15,4) : results/migration_3.log306 
migration(15,5) : results/migration_3.log307 
migration(15,6) : results/migration_3.log308 
migration(15,7) : results/migration_3.log309 
migration(15,8) : results/migration_3.log310 
migration(15,9) : results/migration_3.log311 
migration(15,10) : results/migration_3.log312 
migration(15,11) : results/migration_3.log313 
migration(15,12) : results/migration_3.log314 
migration(15,13) : results/migration_3.log315 
migration(15,14) : results/migration_3.log316 
migration(15,15) : results/migration_3.log317 
migration(15,16) : results/migration_3.log318 
migration(15,17) : results/migration_3.log319 
migration(15,18) : results/migration_3.log320 
migration(15,19) : results/migration_3.log321 
migration(16,0) : results/migration_3.log322 
migration(16,1) : results/migration_3.log323 
migration(16,2) : results/migration_3.log324 
migration(16,3) : results/migration_3.log325 
migration(16,4) : results/migration_3.log326 
migration(16,5) : results/migration_3.log327 
migration(16,6) : results/migration_3.log328 
migration(16,7) : results/migration_3.log329 
migration(16,8) : results/migration_3.log330 
migration(16,9) : results/migration_3.log331 
migration(16,10) : results/migration_3.log332 
migration(16,11) : results/migration_3.log333 
migration(16,12) : results/migration_3.log334 
migration(16,13) : results/migration_3.log335 
migration(16,14) : results/migration_3.log336 
migration(16,15) : results/migration_3.log337 
migration(16,16) : results/migration_3.log338 
migration(16,17) : results/migration_3.log339 
migration(16,18) : results/migration_3.log340 
migration(16,19) : results/migration_3.log341 
migration(17,0) : results/migration_3.log342 
migration(17,1) : results/migration_3.log343 
migration(17,2) : results/migration_3.log344 
migration(17,3) : results/migration_3.log345 
migration(17,4) : results/migration_3.log346 
migration(17,5) : results/migration_3.log347 
migration(17,6) : results/migration_3.log348 
migration(17,7) : results/migration_3.log349 
migration(17,8) : results/migration_3.log350 
migration(17,9) : results/migration_3.log351 
migration(17,10) : results/migration_3.log352 
migration(17,11) : results/migration_3.log353 
migration(17,12) : results/migration_3.log354 
migration(17,13) : results/migration_3.log355 
migration(17,14) : results/migration_3.log356 
migration(17,15) : results/migration_3.log357 
migration(17,16) : results/migration_3.log358 
migration(17,17) : results/migration_3.log359 
migration(17,18) : results/migration_3.log360 
migration(17,19) : results/migration_3.log361 
migration(18,0) : results/migration_3.log362 
migration(18,1) : results/migration_3.log363 
migration(18,2) : results/migration_3.log364 
migration(18,3) : results/migration_3.log365 
migration(18,4) : results/migration_3.log366 
migration(18,5) : results/migration_3.log367 
migration(18,6) : results/migration_3.log368 
migration(18,7) : results/migration_3.log369 
migration(18,8) : results/migration_3.log370 
migration(18,9) : results/migration_3.log371 
migration(18,10) : results/migration_3.log372 
migration(18,11) : results/migration_3.log373 
migration(18,12) : results/migration_3.log374 
migration(18,13) : results/migration_3.log375 
migration(18,14) : results/migration_3.log376 
migration(18,15) : results/migration_3.log377 
migration(18,16) : results/migration_3.log378 
migration(18,17) : results/migration_3.log379 
migration(18,18) : results/migration_3.log380 
migration(18,19) : results/migration_3.log381 
migration(19,0) : results/migration_3.log382 
migration(19,1) : results/migration_3.log383 
migration(19,2) : results/migration_3.log384 
migration(19,3) : results/migration_3.log385 
migration(19,4) : results/migration_3.log386 
migration(19,5) : results/migration_3.log387 
migration(19,6) : results/migration_3.log388 
migration(19,7) : results/migration_3.log389 
migration(19,8) : results/migration_3.log390 
migration(19,9) : results/migration_3.log391 
migration(19,10) : results/migration_3.log392 
migration(19,11) : results/migration_3.log393 
migration(19,12) : results/migration_3.log394 
migration(19,13) : results/migration_3.log395 
migration(19,14) : results/migration_3.log396 
migration(19,15) : results/migration_3.log397 
migration(19,16) : results/migration_3.log398 
migration(19,17) : results/migration_3.log399 
migration(19,18) : results/migration_3.log400 
migration(19,19) : results/migration_3.log401 
